<?xml version="1.0" encoding="UTF-8"?>
<!-- Generated by org.testng.reporters.JUnitXMLReporter -->
<testsuite hostname="Saurabhs-MacBook-Pro.local" name="InValidCustomerDetails" tests="11" failures="1" timestamp="1 Dec 2020 17:15:53 GMT" time="16.378" errors="0">
  <testcase name="testInValidCustomerDetails" time="1.821" classname="test.java.CustomerRagistration.CustomerRagistration.TestCustomerForm">
    <failure type="java.lang.AssertionError" message="Test Case TestCase_1is being executed. expected [true] but found [false]">
      <![CDATA[java.lang.AssertionError: Test Case TestCase_1is being executed. expected [true] but found [false]
	at test.java.CustomerRagistration.CustomerRagistration.TestCustomerForm.testInValidCustomerDetails(TestCustomerForm.java:82)
	at java.util.concurrent.FutureTask.run(FutureTask.java:266)
	at java.util.concurrent.ThreadPoolExecutor.runWorker(ThreadPoolExecutor.java:1142)
	at java.util.concurrent.ThreadPoolExecutor$Worker.run(ThreadPoolExecutor.java:617)
	at java.lang.Thread.run(Thread.java:745)
... Removed 19 stack frames]]>
    </failure>
  </testcase> <!-- testInValidCustomerDetails -->
  <testcase name="testInValidCustomerDetails" time="0.262" classname="test.java.CustomerRagistration.CustomerRagistration.TestCustomerForm"/>
  <testcase name="testInValidCustomerDetails" time="0.321" classname="test.java.CustomerRagistration.CustomerRagistration.TestCustomerForm"/>
  <testcase name="testInValidCustomerDetails" time="0.102" classname="test.java.CustomerRagistration.CustomerRagistration.TestCustomerForm"/>
  <testcase name="testInValidCustomerDetails" time="0.149" classname="test.java.CustomerRagistration.CustomerRagistration.TestCustomerForm"/>
  <testcase name="testInValidCustomerDetails" time="0.233" classname="test.java.CustomerRagistration.CustomerRagistration.TestCustomerForm"/>
  <testcase name="testInValidCustomerDetails" time="0.163" classname="test.java.CustomerRagistration.CustomerRagistration.TestCustomerForm"/>
  <testcase name="testInValidCustomerDetails" time="0.189" classname="test.java.CustomerRagistration.CustomerRagistration.TestCustomerForm"/>
  <testcase name="testInValidCustomerDetails" time="0.175" classname="test.java.CustomerRagistration.CustomerRagistration.TestCustomerForm"/>
  <testcase name="testInValidCustomerDetails" time="0.375" classname="test.java.CustomerRagistration.CustomerRagistration.TestCustomerForm"/>
  <testcase name="testInValidCustomerDetails" time="0.231" classname="test.java.CustomerRagistration.CustomerRagistration.TestCustomerForm"/>
</testsuite> <!-- InValidCustomerDetails -->
